\BOOKMARK [0][-]{chapter.1}{Introduction}{}% 1
\BOOKMARK [1][-]{section.1.1}{Motivation}{chapter.1}% 2
\BOOKMARK [1][-]{section.1.2}{Traffic flow modelling}{chapter.1}% 3
\BOOKMARK [0][-]{chapter.2}{The LWR model on networks}{}% 4
\BOOKMARK [1][-]{section.2.1}{Related literature}{chapter.2}% 5
\BOOKMARK [1][-]{section.2.2}{Basic principles of networks}{chapter.2}% 6
\BOOKMARK [1][-]{section.2.3}{The Riemann problem}{chapter.2}% 7
\BOOKMARK [1][-]{section.2.4}{Modelling of junctions - the buffer model}{chapter.2}% 8
\BOOKMARK [0][-]{chapter.3}{Numerical approximations}{}% 9
\BOOKMARK [1][-]{section.3.1}{The Godunov scheme for nonlinear conservation laws}{chapter.3}% 10
\BOOKMARK [2][-]{subsection.3.1.1}{Theory of conservative numerical schemes}{section.3.1}% 11
\BOOKMARK [2][-]{subsection.3.1.2}{The Godunov scheme for the buffer model}{section.3.1}% 12
\BOOKMARK [1][-]{section.3.2}{Examples}{chapter.3}% 13
\BOOKMARK [0][-]{chapter.4}{Traffic light optimization}{}% 14
\BOOKMARK [1][-]{section.4.1}{Traffic light coordination}{chapter.4}% 15
\BOOKMARK [2][-]{subsection.4.1.1}{The model}{section.4.1}% 16
\BOOKMARK [2][-]{subsection.4.1.2}{Experiments on coordinated light signals}{section.4.1}% 17
\BOOKMARK [1][-]{section.4.2}{Optimization via Model Predictive Control}{chapter.4}% 18
\BOOKMARK [2][-]{subsection.4.2.1}{Theory}{section.4.2}% 19
\BOOKMARK [2][-]{subsection.4.2.2}{Numerical experiments}{section.4.2}% 20
\BOOKMARK [0][-]{chapter.5}{Pollution}{}% 21
\BOOKMARK [1][-]{section.5.1}{Motivation}{chapter.5}% 22
\BOOKMARK [1][-]{section.5.2}{The 2D diffusion model}{chapter.5}% 23
\BOOKMARK [2][-]{subsection.5.2.1}{Setting}{section.5.2}% 24
\BOOKMARK [2][-]{subsection.5.2.2}{Analytical solution}{section.5.2}% 25
\BOOKMARK [0][-]{chapter.6}{Conclusion and possible extensions}{}% 26
